# JRE version: OpenJDK Runtime Environment (11.0.17+8) (build 11.0.17+8-post-Ubuntu-1ubuntu222.04)
# Java VM: OpenJDK 64-Bit Server VM (11.0.17+8-post-Ubuntu-1ubuntu222.04, mixed mode, sharing, tiered, compressed oops, g1 gc, linux-amd64)
Heap:
 garbage-first heap   total 531456K, used 179039K [0x00000000c0000000, 0x0000000100000000)
  region size 1024K, 2 young (2048K), 0 survivors (0K)
 Metaspace       used 3494K, capacity 5472K, committed 5760K, reserved 1056768K
  class space    used 326K, capacity 562K, committed 640K, reserved 1048576K
GC Heap History (20 events):
Event: 0.920 GC heap before
{Heap before GC invocations=14 (full 3):
 garbage-first heap   total 145408K, used 88855K [0x00000000c0000000, 0x0000000100000000)
  region size 1024K, 45 young (46080K), 2 survivors (2048K)
 Metaspace       used 3338K, capacity 5378K, committed 5504K, reserved 1056768K
  class space    used 307K, capacity 556K, committed 640K, reserved 1048576K
}
Event: 0.932 GC heap after
{Heap after GC invocations=15 (full 3):
 garbage-first heap   total 145408K, used 65024K [0x00000000c0000000, 0x0000000100000000)
  region size 1024K, 6 young (6144K), 6 survivors (6144K)
 Metaspace       used 3338K, capacity 5378K, committed 5504K, reserved 1056768K
  class space    used 307K, capacity 556K, committed 640K, reserved 1048576K
}
Event: 0.971 GC heap before
{Heap before GC invocations=15 (full 3):
 garbage-first heap   total 145408K, used 93696K [0x00000000c0000000, 0x0000000100000000)
  region size 1024K, 34 young (34816K), 6 survivors (6144K)
 Metaspace       used 3338K, capacity 5378K, committed 5504K, reserved 1056768K
  class space    used 307K, capacity 556K, committed 640K, reserved 1048576K
}
Event: 0.981 GC heap after
{Heap after GC invocations=16 (full 3):
 garbage-first heap   total 145408K, used 78615K [0x00000000c0000000, 0x0000000100000000)
  region size 1024K, 5 young (5120K), 5 survivors (5120K)
 Metaspace       used 3338K, capacity 5378K, committed 5504K, reserved 1056768K
  class space    used 307K, capacity 556K, committed 640K, reserved 1048576K
}
Event: 1.020 GC heap before
{Heap before GC invocations=16 (full 3):
 garbage-first heap   total 145408K, used 103191K [0x00000000c0000000, 0x0000000100000000)
  region size 1024K, 29 young (29696K), 5 survivors (5120K)
 Metaspace       used 3338K, capacity 5378K, committed 5504K, reserved 1056768K
  class space    used 307K, capacity 556K, committed 640K, reserved 1048576K
}
Event: 1.034 GC heap after
{Heap after GC invocations=17 (full 3):
 garbage-first heap   total 145408K, used 90391K [0x00000000c0000000, 0x0000000100000000)
  region size 1024K, 4 young (4096K), 4 survivors (4096K)
 Metaspace       used 3338K, capacity 5378K, committed 5504K, reserved 1056768K
  class space    used 307K, capacity 556K, committed 640K, reserved 1048576K
}
Event: 1.071 GC heap before
{Heap before GC invocations=17 (full 3):
 garbage-first heap   total 145408K, used 113943K [0x00000000c0000000, 0x0000000100000000)
  region size 1024K, 22 young (22528K), 4 survivors (4096K)
 Metaspace       used 3338K, capacity 5378K, committed 5504K, reserved 1056768K
  class space    used 307K, capacity 556K, committed 640K, reserved 1048576K
}
Event: 1.082 GC heap after
{Heap after GC invocations=18 (full 3):
 garbage-first heap   total 342016K, used 107287K [0x00000000c0000000, 0x0000000100000000)
  region size 1024K, 3 young (3072K), 3 survivors (3072K)
 Metaspace       used 3338K, capacity 5378K, committed 5504K, reserved 1056768K
  class space    used 307K, capacity 556K, committed 640K, reserved 1048576K
}
Event: 1.251 GC heap before
{Heap before GC invocations=19 (full 3):
 garbage-first heap   total 342016K, used 176919K [0x00000000c0000000, 0x0000000100000000)
  region size 1024K, 71 young (72704K), 3 survivors (3072K)
 Metaspace       used 3338K, capacity 5378K, committed 5504K, reserved 1056768K
  class space    used 307K, capacity 556K, committed 640K, reserved 1048576K
}
Event: 1.267 GC heap after
{Heap after GC invocations=20 (full 3):
 garbage-first heap   total 342016K, used 155202K [0x00000000c0000000, 0x0000000100000000)
  region size 1024K, 9 young (9216K), 9 survivors (9216K)
 Metaspace       used 3338K, capacity 5378K, committed 5504K, reserved 1056768K
  class space    used 307K, capacity 556K, committed 640K, reserved 1048576K
}
Event: 1.302 GC heap before
{Heap before GC invocations=20 (full 3):
 garbage-first heap   total 342016K, used 186946K [0x00000000c0000000, 0x0000000100000000)
  region size 1024K, 39 young (39936K), 9 survivors (9216K)
 Metaspace       used 3338K, capacity 5378K, committed 5504K, reserved 1056768K
  class space    used 307K, capacity 556K, committed 640K, reserved 1048576K
}
Event: 1.316 GC heap after
{Heap after GC invocations=21 (full 3):
 garbage-first heap   total 342016K, used 178967K [0x00000000c0000000, 0x0000000100000000)
  region size 1024K, 8 young (8192K), 8 survivors (8192K)
 Metaspace       used 3338K, capacity 5378K, committed 5504K, reserved 1056768K
  class space    used 307K, capacity 556K, committed 640K, reserved 1048576K
}
Event: 1.495 GC heap before
{Heap before GC invocations=22 (full 3):
 garbage-first heap   total 342016K, used 234263K [0x00000000c0000000, 0x0000000100000000)
  region size 1024K, 54 young (55296K), 8 survivors (8192K)
 Metaspace       used 3375K, capacity 5402K, committed 5504K, reserved 1056768K
  class space    used 310K, capacity 560K, committed 640K, reserved 1048576K
}
Event: 1.522 GC heap after
{Heap after GC invocations=23 (full 3):
 garbage-first heap   total 342016K, used 211735K [0x00000000c0000000, 0x0000000100000000)
  region size 1024K, 7 young (7168K), 7 survivors (7168K)
 Metaspace       used 3375K, capacity 5402K, committed 5504K, reserved 1056768K
  class space    used 310K, capacity 560K, committed 640K, reserved 1048576K
}
Event: 1.842 GC heap before
{Heap before GC invocations=23 (full 3):
 garbage-first heap   total 342016K, used 249623K [0x00000000c0000000, 0x0000000100000000)
  region size 1024K, 44 young (45056K), 7 survivors (7168K)
 Metaspace       used 3375K, capacity 5402K, committed 5504K, reserved 1056768K
  class space    used 310K, capacity 560K, committed 640K, reserved 1048576K
}
Event: 1.853 GC heap after
{Heap after GC invocations=24 (full 3):
 garbage-first heap   total 531456K, used 215177K [0x00000000c0000000, 0x0000000100000000)
  region size 1024K, 2 young (2048K), 2 survivors (2048K)
 Metaspace       used 3375K, capacity 5402K, committed 5504K, reserved 1056768K
  class space    used 310K, capacity 560K, committed 640K, reserved 1048576K
}
Event: 1.974 GC heap before
{Heap before GC invocations=25 (full 3):
 garbage-first heap   total 531456K, used 195721K [0x00000000c0000000, 0x0000000100000000)
  region size 1024K, 7 young (7168K), 2 survivors (2048K)
 Metaspace       used 3488K, capacity 5472K, committed 5760K, reserved 1056768K
  class space    used 325K, capacity 562K, committed 640K, reserved 1048576K
}
Event: 2.042 GC heap after
{Heap after GC invocations=26 (full 4):
 garbage-first heap   total 531456K, used 178015K [0x00000000c0000000, 0x0000000100000000)
  region size 1024K, 0 young (0K), 0 survivors (0K)
 Metaspace       used 3488K, capacity 5472K, committed 5760K, reserved 1056768K
  class space    used 325K, capacity 562K, committed 640K, reserved 1048576K
}
Event: 2.111 GC heap before
{Heap before GC invocations=26 (full 4):
 garbage-first heap   total 531456K, used 178015K [0x00000000c0000000, 0x0000000100000000)
  region size 1024K, 1 young (1024K), 0 survivors (0K)
 Metaspace       used 3488K, capacity 5472K, committed 5760K, reserved 1056768K
  class space    used 325K, capacity 562K, committed 640K, reserved 1048576K
}
Event: 2.168 GC heap after
{Heap after GC invocations=27 (full 5):
 garbage-first heap   total 531456K, used 178015K [0x00000000c0000000, 0x0000000100000000)
  region size 1024K, 0 young (0K), 0 survivors (0K)
 Metaspace       used 3488K, capacity 5472K, committed 5760K, reserved 1056768K
  class space    used 325K, capacity 562K, committed 640K, reserved 1048576K
}

